<?xml version="1.0" encoding="UTF-8"?>
<!-- Generated by org.testng.reporters.JUnitReportReporter -->
<testsuite skipped="0" hostname="user" name="BlueStone2" tests="1" failures="0" timestamp="14 May 2019 11:22:36 GMT" time="21.598" errors="0">
  <testcase name="Script2" time="21.598" classname="BlueStone2"/>
</testsuite> <!-- BlueStone2 -->
